<?xml version="1.0" encoding="UTF-8"?>
<!-- Generated by org.testng.reporters.JUnitReportReporter -->
<testsuite hostname="LAPTOP-C6C96BJN" failures="0" tests="2" name="learn.nopcommerce.user.Level_21_Manage_Data_External" time="5.070" errors="0" timestamp="31 Aug 2023 07:39:53 GMT" skipped="0">
  <testcase classname="learn.nopcommerce.user.Level_21_Manage_Data_External" name="TC_01_Register_With_Valid_Infor" time="2.770"/>
  <testcase classname="learn.nopcommerce.user.Level_21_Manage_Data_External" name="TC_02_Login_With_Valid_Infor" time="2.300"/>
</testsuite> <!-- learn.nopcommerce.user.Level_21_Manage_Data_External -->
